TN:
SF:/usr/include/c++/5/bits/basic_string.h
FN:4820,_ZStplIcSt11char_traitsIcESaIcEENSt7__cxx1112basic_stringIT_T0_T1_EERKS8_PKS5_
FNDA:84,_ZStplIcSt11char_traitsIcESaIcEENSt7__cxx1112basic_stringIT_T0_T1_EERKS8_PKS5_
FNF:1
FNH:1
DA:4820,84
DA:4823,84
DA:4824,84
DA:4825,84
LF:4
LH:4
end_of_record
SF:/usr/include/c++/5/cmath
FN:81,_ZSt3absd
FN:1682,_ZSt4rintf
FNDA:84,_ZSt3absd
FNDA:168,_ZSt4rintf
FNF:2
FNH:2
DA:81,84
DA:82,84
DA:1682,168
DA:1683,168
LF:4
LH:4
end_of_record
SF:/usr/include/c++/5/iostream
DA:74,3
LF:1
LH:1
end_of_record
SF:/usr/include/x86_64-linux-gnu/libavutil/rational.h
FN:104,av_q2d
FNDA:441,av_q2d
FNF:1
FNH:1
DA:104,441
DA:105,441
LF:2
LH:2
end_of_record
SF:/home/dawod/SuperStreaming/video_player_testing_lcov/main.cpp
FN:4,main
FN:105,_Z41__static_initialization_and_destruction_0ii
FN:105,_GLOBAL__sub_I_screen
FNDA:3,main
FNDA:3,_GLOBAL__sub_I_screen
FNDA:3,_Z41__static_initialization_and_destruction_0ii
FNF:3
FNH:3
DA:4,3
DA:7,3
DA:8,3
DA:9,3
DA:15,3
DA:16,3
DA:18,0
DA:19,0
DA:23,3
DA:26,3
DA:31,3
DA:36,3
DA:37,3
DA:38,3
DA:41,3
DA:42,3
DA:45,3
DA:48,3
DA:50,0
DA:53,0
DA:55,0
DA:60,9401
DA:63,9404
DA:64,9404
DA:66,0
DA:70,9404
DA:75,3
DA:76,3
DA:78,3
DA:82,9299
DA:84,9299
DA:90,102
DA:94,9404
DA:97,3
DA:102,3
DA:104,3
DA:105,9
LF:37
LH:31
end_of_record
SF:/home/dawod/SuperStreaming/video_player_testing_lcov/player.h
FN:273,_Z13create_windowP10VideoStateNSt7__cxx1112basic_stringIcSt11char_traitsIcESaIcEEEii
FN:324,_Z17packet_queue_initP11PacketQueue
FN:360,_Z16packet_queue_putP11PacketQueueP8AVPacket
FN:411,_ZL16packet_queue_getP11PacketQueueP8AVPacketi
FN:486,_Z18getAudioResamplingm
FN:514,_ZL16audio_resamplingP10VideoStateP7AVFrame14AVSampleFormatPh
FN:771,_Z15get_video_clockP10VideoState
FN:786,_Z15get_audio_clockP10VideoState
FN:815,_Z18get_external_clockP10VideoState
FN:831,_Z16get_master_clockP10VideoState
FN:871,_Z17synchronize_audioP10VideoStatePsi
FN:984,_Z18audio_decode_frameP10VideoStatePhiPd
FN:1144,_Z14audio_callbackPvPhi
FN:1210,_ZL8pgm_savePhiiiPc
FN:1230,_Z13alloc_picturePv
FN:1292,_Z13queue_pictureP10VideoStateP7AVFramed
FN:1395,_ZL17guess_correct_ptsP14AVCodecContextll
FN:1454,_Z17synchronize_videoP10VideoStateP7AVFramed
FN:1491,_Z12video_threadPv
FN:1606,_Z21stream_component_openP10VideoStatei
FN:1777,_Z13decode_threadPv
FN:1949,_Z13video_displayP10VideoState
FN:2056,_ZL20sdl_refresh_timer_cbjPv
FN:2079,_ZL16schedule_refreshP10VideoStatej
FN:2099,_Z19video_refresh_timerPv
FNDA:3,_Z13create_windowP10VideoStateNSt7__cxx1112basic_stringIcSt11char_traitsIcESaIcEEEii
FNDA:2,_Z17packet_queue_initP11PacketQueue
FNDA:319,_Z16packet_queue_putP11PacketQueueP8AVPacket
FNDA:269,_ZL16packet_queue_getP11PacketQueueP8AVPacketi
FNDA:173,_Z18getAudioResamplingm
FNDA:173,_ZL16audio_resamplingP10VideoStateP7AVFrame14AVSampleFormatPh
FNDA:0,_Z15get_video_clockP10VideoState
FNDA:84,_Z15get_audio_clockP10VideoState
FNDA:0,_Z18get_external_clockP10VideoState
FNDA:84,_Z16get_master_clockP10VideoState
FNDA:173,_Z17synchronize_audioP10VideoStatePsi
FNDA:173,_Z18audio_decode_frameP10VideoStatePhiPd
FNDA:285,_Z14audio_callbackPvPhi
FNDA:0,_ZL8pgm_savePhiiiPc
FNDA:3,_Z13alloc_picturePv
FNDA:91,_Z13queue_pictureP10VideoStateP7AVFramed
FNDA:91,_ZL17guess_correct_ptsP14AVCodecContextll
FNDA:91,_Z17synchronize_videoP10VideoStateP7AVFramed
FNDA:1,_Z12video_threadPv
FNDA:2,_Z21stream_component_openP10VideoStatei
FNDA:3,_Z13decode_threadPv
FNDA:84,_Z13video_displayP10VideoState
FNDA:9301,_ZL20sdl_refresh_timer_cbjPv
FNDA:9302,_ZL16schedule_refreshP10VideoStatej
FNDA:9299,_Z19video_refresh_timerPv
FNF:25
FNH:22
DA:273,3
DA:275,3
DA:282,3
DA:285,3
DA:287,0
DA:288,0
DA:290,3
DA:291,3
DA:292,0
DA:293,0
DA:297,3
DA:303,3
DA:304,3
DA:305,0
DA:306,0
DA:309,3
DA:310,3
DA:311,3
DA:324,2
DA:331,2
DA:334,2
DA:335,2
DA:338,0
DA:339,0
DA:343,2
DA:344,2
DA:347,0
DA:348,0
DA:360,319
DA:363,319
DA:366,319
DA:368,0
DA:372,319
DA:375,319
DA:378,319
DA:381,319
DA:384,2
DA:389,317
DA:393,319
DA:396,319
DA:399,319
DA:402,319
DA:405,319
DA:407,319
DA:411,269
DA:418,269
DA:420,1
DA:430,270
DA:433,270
DA:436,269
DA:439,269
DA:442,0
DA:446,269
DA:449,269
DA:452,269
DA:455,269
DA:457,269
DA:458,269
DA:460,1
DA:462,0
DA:463,0
DA:468,1
DA:473,269
DA:475,269
DA:486,173
DA:488,173
DA:490,173
DA:491,173
DA:492,173
DA:493,173
DA:494,173
DA:495,173
DA:496,173
DA:497,173
DA:498,173
DA:499,173
DA:501,173
DA:514,173
DA:522,173
DA:524,173
DA:526,0
DA:527,0
DA:531,173
DA:532,173
DA:533,173
DA:534,346
DA:537,173
DA:539,0
DA:540,0
DA:543,173
DA:545,0
DA:547,173
DA:549,173
DA:551,0
DA:553,0
DA:556,0
DA:558,0
DA:562,173
DA:563,173
DA:565,0
DA:566,0
DA:570,173
DA:571,173
DA:575,173
DA:578,173
DA:579,173
DA:581,173
DA:583,173
DA:586,173
DA:587,173
DA:589,173
DA:591,173
DA:594,173
DA:595,173
DA:597,173
DA:599,173
DA:602,173
DA:603,173
DA:605,173
DA:607,173
DA:611,173
DA:615,173
DA:618,173
DA:619,173
DA:621,0
DA:622,0
DA:625,692
DA:626,173
DA:627,173
DA:628,173
DA:630,346
DA:633,173
DA:635,0
DA:636,0
DA:640,173
DA:644,173
DA:648,173
DA:651,173
DA:654,173
DA:656,0
DA:657,0
DA:661,519
DA:662,173
DA:663,173
DA:664,173
DA:666,173
DA:669,173
DA:671,0
DA:672,0
DA:675,173
DA:678,0
DA:681,0
DA:685,0
DA:688,0
DA:691,0
DA:693,0
DA:694,0
DA:697,0
DA:700,173
DA:703,346
DA:706,173
DA:709,173
DA:712,173
DA:714,0
DA:715,0
DA:719,173
DA:725,173
DA:728,173
DA:730,0
DA:731,0
DA:736,0
DA:737,0
DA:741,173
DA:746,173
DA:749,173
DA:752,173
DA:753,173
DA:755,173
DA:758,173
DA:761,173
DA:771,0
DA:773,0
DA:775,0
DA:786,84
DA:788,84
DA:790,84
DA:792,84
DA:794,84
DA:796,84
DA:798,84
DA:801,84
DA:803,84
DA:806,84
DA:815,0
DA:817,0
DA:818,0
DA:820,0
DA:831,84
DA:833,84
DA:835,0
DA:837,84
DA:839,84
DA:841,0
DA:843,0
DA:847,0
DA:848,0
DA:871,173
DA:876,173
DA:879,173
DA:884,0
DA:885,0
DA:887,0
DA:890,0
DA:892,0
DA:894,0
DA:898,0
DA:906,0
DA:908,0
DA:909,0
DA:910,0
DA:912,0
DA:914,0
DA:916,0
DA:918,0
DA:932,0
DA:935,0
DA:937,0
DA:943,0
DA:944,0
DA:945,0
DA:947,0
DA:949,0
DA:950,0
DA:951,0
DA:954,0
DA:962,0
DA:963,0
DA:967,173
DA:984,173
DA:987,173
DA:988,173
DA:990,0
DA:991,0
DA:1002,173
DA:1003,173
DA:1005,0
DA:1006,0
DA:1009,173
DA:1010,173
DA:1014,175
DA:1017,348
DA:1019,0
DA:1023,352
DA:1025,175
DA:1028,175
DA:1031,175
DA:1033,173
DA:1037,175
DA:1039,2
DA:1042,175
DA:1045,175
DA:1049,175
DA:1051,0
DA:1053,175
DA:1055,0
DA:1056,0
DA:1060,175
DA:1063,175
DA:1066,0
DA:1067,0
DA:1070,175
DA:1071,175
DA:1072,175
DA:1075,175
DA:1078,173
DA:1083,173
DA:1085,173
DA:1088,175
DA:1091,2
DA:1095,173
DA:1096,173
DA:1097,173
DA:1098,173
DA:1101,173
DA:1104,175
DA:1107,2
DA:1111,175
DA:1114,175
DA:1116,0
DA:1119,175
DA:1120,175
DA:1123,175
DA:1125,175
DA:1144,285
DA:1147,285
DA:1152,1183
DA:1161,449
DA:1164,173
DA:1169,173
DA:1172,173
DA:1175,0
DA:1178,0
DA:1179,0
DA:1183,173
DA:1186,173
DA:1189,173
DA:1192,449
DA:1194,449
DA:1196,277
DA:1200,449
DA:1202,449
DA:1203,449
DA:1206,449
DA:1210,0
DA:1216,0
DA:1217,0
DA:1218,0
DA:1219,0
DA:1220,0
DA:1221,0
DA:1230,3
DA:1233,3
DA:1237,3
DA:1240,3
DA:1243,0
DA:1244,0
DA:1252,3
DA:1257,3
DA:1260,3
DA:1261,3
DA:1264,3
DA:1265,3
DA:1267,0
DA:1268,0
DA:1272,9
DA:1273,3
DA:1274,3
DA:1280,3
DA:1286,3
DA:1287,3
DA:1288,3
DA:1292,91
DA:1295,91
DA:1298,259
DA:1300,84
DA:1304,91
DA:1307,91
DA:1309,4
DA:1314,87
DA:1317,171
DA:1318,168
DA:1319,84
DA:1322,3
DA:1325,3
DA:1328,3
DA:1330,0
DA:1335,87
DA:1337,87
DA:1339,87
DA:1340,87
DA:1341,87
DA:1342,87
DA:1343,87
DA:1344,87
DA:1345,87
DA:1346,87
DA:1349,261
DA:1354,87
DA:1355,87
DA:1356,87
DA:1357,87
DA:1360,87
DA:1363,87
DA:1366,29
DA:1370,87
DA:1373,87
DA:1376,87
DA:1379,87
DA:1395,91
DA:1397,91
DA:1399,91
DA:1401,90
DA:1402,90
DA:1404,1
DA:1406,0
DA:1409,91
DA:1411,90
DA:1412,90
DA:1414,1
DA:1416,0
DA:1419,91
DA:1421,90
DA:1425,1
DA:1428,91
DA:1454,91
DA:1458,91
DA:1461,90
DA:1466,1
DA:1470,91
DA:1473,91
DA:1475,91
DA:1477,91
DA:1491,1
DA:1494,1
DA:1497,1
DA:1498,1
DA:1500,0
DA:1501,0
DA:1509,1
DA:1510,1
DA:1512,0
DA:1513,0
DA:1519,93
DA:1522,94
DA:1523,94
DA:1526,0
DA:1530,94
DA:1533,94
DA:1534,93
DA:1536,0
DA:1537,0
DA:1540,267
DA:1543,180
DA:1546,180
DA:1550,91
DA:1552,0
DA:1553,0
DA:1557,91
DA:1561,91
DA:1564,91
DA:1567,1
DA:1570,91
DA:1573,91
DA:1575,91
DA:1577,91
DA:1579,4
DA:1585,93
DA:1589,0
DA:1590,0
DA:1592,0
DA:1606,2
DA:1609,2
DA:1612,2
DA:1614,0
DA:1615,0
DA:1619,2
DA:1620,2
DA:1621,2
DA:1623,0
DA:1624,0
DA:1628,2
DA:1629,2
DA:1630,2
DA:1631,2
DA:1633,0
DA:1634,0
DA:1637,2
DA:1642,1
DA:1643,1
DA:1646,1
DA:1647,1
DA:1648,1
DA:1650,1
DA:1651,1
DA:1652,1
DA:1656,1
DA:1659,1
DA:1661,0
DA:1662,0
DA:1667,2
DA:1669,0
DA:1670,0
DA:1675,2
DA:1680,1
DA:1681,1
DA:1682,1
DA:1683,1
DA:1684,1
DA:1686,1
DA:1689,1
DA:1692,1
DA:1694,1
DA:1699,1
DA:1700,1
DA:1701,1
DA:1706,1
DA:1707,1
DA:1710,1
DA:1713,1
DA:1716,3
DA:1717,1
DA:1718,1
DA:1726,1
DA:1733,1
DA:1756,1
DA:1762,0
DA:1765,2
DA:1777,3
DA:1780,3
DA:1782,3
DA:1785,3
DA:1786,3
DA:1787,3
DA:1789,2
DA:1790,2
DA:1793,1
DA:1796,1
DA:1797,1
DA:1803,1
DA:1806,1
DA:1807,1
DA:1809,0
DA:1810,0
DA:1814,1
DA:1817,1
DA:1818,1
DA:1821,3
DA:1824,2
DA:1826,1
DA:1830,2
DA:1832,1
DA:1837,1
DA:1839,0
DA:1840,0
DA:1845,1
DA:1848,1
DA:1850,0
DA:1851,0
DA:1856,1
DA:1858,0
DA:1859,0
DA:1864,1
DA:1867,1
DA:1869,0
DA:1870,0
DA:1875,1
DA:1877,0
DA:1878,0
DA:1882,319
DA:1885,320
DA:1887,1
DA:1891,319
DA:1892,0
DA:1893,0
DA:1894,0
DA:1898,319
DA:1900,0
DA:1902,0
DA:1904,0
DA:1906,0
DA:1911,0
DA:1916,319
DA:1918,108
DA:1920,211
DA:1922,211
DA:1927,0
DA:1932,1
DA:1934,0
DA:1937,1
DA:1949,84
DA:1959,84
DA:1961,84
DA:1963,84
DA:1965,0
DA:1969,84
DA:1972,84
DA:1974,0
DA:1975,0
DA:1981,84
DA:1984,84
DA:1987,84
DA:1990,84
DA:1993,84
DA:1996,84
DA:1999,84
DA:2000,84
DA:2003,756
DA:2005,84
DA:2006,84
DA:2007,84
DA:2008,84
DA:2009,84
DA:2010,84
DA:2011,84
DA:2012,84
DA:2013,84
DA:2014,84
DA:2018,84
DA:2019,84
DA:2020,84
DA:2021,84
DA:2024,84
DA:2025,84
DA:2028,84
DA:2029,84
DA:2031,336
DA:2033,84
DA:2034,84
DA:2035,84
DA:2036,84
DA:2037,84
DA:2038,168
DA:2039,84
DA:2040,84
DA:2044,84
DA:2046,84
DA:2056,9301
DA:2060,9301
DA:2061,9301
DA:2064,9301
DA:2067,9301
DA:2079,9302
DA:2082,9302
DA:2085,9302
DA:2087,0
DA:2089,9302
DA:2099,9299
DA:2102,9299
DA:2115,9299
DA:2118,89
DA:2120,5
DA:2125,84
DA:2129,84
DA:2130,84
DA:2134,84
DA:2137,84
DA:2140,84
DA:2143,1
DA:2147,84
DA:2150,84
DA:2151,84
DA:2154,84
DA:2157,84
DA:2160,84
DA:2163,84
DA:2166,84
DA:2169,84
DA:2172,84
DA:2175,84
DA:2177,84
DA:2179,1
DA:2181,83
DA:2183,1
DA:2189,84
DA:2191,84
DA:2194,84
DA:2197,84
DA:2199,84
DA:2201,3
DA:2205,84
DA:2207,84
DA:2210,84
DA:2213,84
DA:2216,84
DA:2218,28
DA:2222,84
DA:2225,84
DA:2228,84
DA:2231,84
DA:2236,9210
DA:2238,9299
LF:661
LH:497
end_of_record
